

*******************************************************************************
Thu Oct  1 12:12:30 2015


FIT:    data read from "burbuja.dat"
        format = z
        #datapoints = 18
        residuals are weighted equally (unit weight)

function used for fitting: f(x)
fitted parameters initialized with current variable values



 Iteration 0
 WSSR        : 2.05779e+20       delta(WSSR)/WSSR   : 0
 delta(WSSR) : 0                 limit for stopping : 1e-05
 lambda	  : 3.38115e+09

initial set of free parameter values

a               = 1

After 5 iterations the fit converged.
final sum of squares of residuals : 1176.95
rel. change during last iteration : -3.86377e-16

degrees of freedom    (FIT_NDF)                        : 17
rms of residuals      (FIT_STDFIT) = sqrt(WSSR/ndf)    : 8.32061
variance of residuals (reduced chisquare) = WSSR/ndf   : 69.2326

Final set of parameters            Asymptotic Standard Error
=======================            ==========================

a               = 1.85832e-08      +/- 5.8e-10      (3.121%)


correlation matrix of the fit parameters:

               a      
a               1.000 


*******************************************************************************
Thu Oct  8 11:51:33 2015


FIT:    data read from "ordenacionburbuja"
        format = z
BREAK:          bad data on line 1 of datafile



*******************************************************************************
Thu Oct  8 11:51:54 2015


FIT:    data read from "ordenacionburbuja.dat"
        format = z
        #datapoints = 18
        residuals are weighted equally (unit weight)

function used for fitting: f(x)
fitted parameters initialized with current variable values



 Iteration 0
 WSSR        : 2.05779e+20       delta(WSSR)/WSSR   : 0
 delta(WSSR) : 0                 limit for stopping : 1e-05
 lambda	  : 3.38115e+09

initial set of free parameter values

a               = 1

After 5 iterations the fit converged.
final sum of squares of residuals : 2.02936
rel. change during last iteration : -1.09416e-14

degrees of freedom    (FIT_NDF)                        : 17
rms of residuals      (FIT_STDFIT) = sqrt(WSSR/ndf)    : 0.345506
variance of residuals (reduced chisquare) = WSSR/ndf   : 0.119374

Final set of parameters            Asymptotic Standard Error
=======================            ==========================

a               = 1.68503e-08      +/- 2.409e-11    (0.1429%)


correlation matrix of the fit parameters:

               a      
a               1.000 
